DEBUG 2017-05-09 10:58:26 main.main() [57]: Start
DEBUG 2017-05-09 11:01:43 main.main() [63]: Választott felbotnás: '720'
DEBUG 2017-05-09 11:01:57 main.main() [66]: Választott kiszolgáló: 'http://tv2.hu'
DEBUG 2017-05-09 11:02:58 classes.print_series() [110]: Válaszott sorozat: 'jóban rosszban'
DEBUG 2017-05-09 11:02:58 classes.print_series() [111]: Válaszott sorozat azonosító: '321'
DEBUG 2017-05-09 11:03:16 classes.get_episodes() [160]: Választott epizódok: '[3000]'
INFO  2017-05-09 11:03:16 classes.download_videos() [271]: ----------3000. epizód ----------
WARNING 2017-05-09 11:03:16 classes.download_videos() [274]: A megadott rész nem található
DEBUG 2017-05-09 11:03:16 main.main() [79]: End
DEBUG 2017-05-09 11:03:31 main.main() [57]: Start
DEBUG 2017-05-09 11:03:33 main.main() [63]: Választott felbotnás: '360'
DEBUG 2017-05-09 11:03:34 main.main() [66]: Választott kiszolgáló: 'http://tv2.hu'
DEBUG 2017-05-09 11:03:39 classes.print_series() [110]: Válaszott sorozat: 'a szultána'
DEBUG 2017-05-09 11:03:39 classes.print_series() [111]: Válaszott sorozat azonosító: '983'
DEBUG 2017-05-09 11:03:41 classes.get_episodes() [153]: Választott epizódok: 'range(1, 11)'
INFO  2017-05-09 11:03:41 classes.download_videos() [271]: ----------1. epizód ----------
WARNING 2017-05-09 11:03:41 classes.download_videos() [274]: A megadott rész nem található
INFO  2017-05-09 11:03:41 classes.download_videos() [271]: ----------2. epizód ----------
WARNING 2017-05-09 11:03:41 classes.download_videos() [274]: A megadott rész nem található
INFO  2017-05-09 11:03:41 classes.download_videos() [271]: ----------3. epizód ----------
WARNING 2017-05-09 11:03:41 classes.download_videos() [274]: A megadott rész nem található
INFO  2017-05-09 11:03:41 classes.download_videos() [271]: ----------4. epizód ----------
WARNING 2017-05-09 11:03:42 classes.download_videos() [274]: A megadott rész nem található
INFO  2017-05-09 11:03:42 classes.download_videos() [271]: ----------5. epizód ----------
WARNING 2017-05-09 11:03:43 classes.download_videos() [274]: A megadott rész nem található
INFO  2017-05-09 11:03:43 classes.download_videos() [271]: ----------6. epizód ----------
WARNING 2017-05-09 11:03:43 classes.download_videos() [274]: A megadott rész nem található
INFO  2017-05-09 11:03:43 classes.download_videos() [271]: ----------7. epizód ----------
WARNING 2017-05-09 11:03:44 classes.download_videos() [274]: A megadott rész nem található
INFO  2017-05-09 11:03:44 classes.download_videos() [271]: ----------8. epizód ----------
WARNING 2017-05-09 11:03:44 classes.download_videos() [274]: A megadott rész nem található
INFO  2017-05-09 11:03:44 classes.download_videos() [271]: ----------9. epizód ----------
WARNING 2017-05-09 11:03:44 classes.download_videos() [274]: A megadott rész nem található
INFO  2017-05-09 11:03:44 classes.download_videos() [271]: ----------10. epizód ----------
INFO  2017-05-09 11:03:44 classes.download_videos() [278]: [A szultána - A 10. rész tartalmából]
DEBUG 2017-05-09 11:03:44 classes.download_videos() [289]: http://pstream1.tv2.hu/vod11/ldKoqWyZ9YvHcKYuA-g1hg/1494407024/3/20160923/224103.360p.mp4
ERROR 2017-05-09 11:03:44 main.main() [75]: Váratlan hiba történt
DEBUG 2017-05-09 11:03:44 main.main() [76]: (<class 'NameError'>, NameError("name 'lang' is not defined",), <traceback object at 0x7f90ff34f548>)
DEBUG 2017-05-09 11:03:57 main.main() [57]: Start
DEBUG 2017-05-09 11:04:00 main.main() [63]: Választott felbotnás: '360'
DEBUG 2017-05-09 11:04:01 main.main() [66]: Választott kiszolgáló: 'http://tv2.hu'
WARNING 2017-05-09 11:04:11 classes.print_series() [103]: Érvénytelen azonosító : '2448'
DEBUG 2017-05-09 11:04:14 classes.print_series() [110]: Válaszott sorozat: 'jóban rosszban'
DEBUG 2017-05-09 11:04:14 classes.print_series() [111]: Válaszott sorozat azonosító: '321'
DEBUG 2017-05-09 11:04:17 classes.get_episodes() [160]: Választott epizódok: '[2448]'
INFO  2017-05-09 11:04:17 classes.download_videos() [271]: ----------2448. epizód ----------
INFO  2017-05-09 11:04:23 classes.download_videos() [278]: [Jóban Rosszban - 2448. rész/1]
DEBUG 2017-05-09 11:04:23 classes.download_videos() [289]: http://pstream3.tv2.hu/vod11/VnQMPUK9eYc_83opvdSnig/1494407063/2/20140929/155742.flash_h264_br2.mp4
ERROR 2017-05-09 11:04:23 main.main() [75]: Váratlan hiba történt
DEBUG 2017-05-09 11:04:23 main.main() [76]: (<class 'NameError'>, NameError("name 'lang' is not defined",), <traceback object at 0x7f03cf02c1c8>)
DEBUG 2017-05-11 12:16:58 main.main() [57]: Start
DEBUG 2017-05-11 12:17:00 main.main() [63]: Választott felbotnás: '360'
DEBUG 2017-05-11 12:17:01 main.main() [66]: Választott kiszolgáló: 'http://tv2.hu'
DEBUG 2017-05-11 12:17:04 classes.print_series() [110]: Válaszott sorozat: 'jóban rosszban'
DEBUG 2017-05-11 12:17:04 classes.print_series() [111]: Válaszott sorozat azonosító: '321'
DEBUG 2017-05-11 12:17:05 classes.get_episodes() [160]: Választott epizódok: '[1]'
INFO  2017-05-11 12:17:05 classes.download_videos() [271]: ----------1. epizód ----------
INFO  2017-05-11 12:17:05 classes.download_videos() [278]: [Jóban Rosszban 1. epizód]
DEBUG 2017-05-11 12:17:05 classes.download_videos() [289]: http://pstream1.tv2.hu/vod11/rd2foWCwWbjDkvkedrBNzw/1494584225/2/20150806/183558.360p.mp4
ERROR 2017-05-11 12:17:05 main.main() [75]: Váratlan hiba történt
DEBUG 2017-05-11 12:17:05 main.main() [76]: (<class 'NameError'>, NameError("name 'lang' is not defined",), <traceback object at 0x7f205cf79648>)
DEBUG 2017-05-11 12:19:57 main.main() [57]: Start
DEBUG 2017-05-11 12:19:59 main.main() [63]: Választott felbotnás: '360'
DEBUG 2017-05-11 12:20:00 main.main() [66]: Választott kiszolgáló: 'http://tv2.hu'
DEBUG 2017-05-11 12:20:03 classes.print_series() [110]: Válaszott sorozat: 'jóban rosszban'
DEBUG 2017-05-11 12:20:03 classes.print_series() [111]: Válaszott sorozat azonosító: '321'
DEBUG 2017-05-11 12:20:04 classes.get_episodes() [160]: Választott epizódok: '[1]'
INFO  2017-05-11 12:20:04 classes.download_videos() [271]: ----------1. epizód ----------
INFO  2017-05-11 12:20:10 classes.download_videos() [278]: [Jóban Rosszban 1. epizód]
DEBUG 2017-05-11 12:20:11 classes.download_videos() [289]: http://pstream5.tv2.hu/vod11/WwaX-6BjAjBzx_GLK3OOFA/1494584411/2/20150806/183558.360p.mp4
ERROR 2017-05-11 12:20:15 classes.download_videos() [294]: A letöltés nem sikerült
DEBUG 2017-05-11 12:20:15 main.main() [79]: End
